<?xml version="1.0" encoding="UTF-8"?>
<testng-results skipped="0" failed="0" ignored="0" total="1" passed="1">
  <reporter-output>
  </reporter-output>
  <suite name="Default suite" duration-ms="69933" started-at="2021-05-02T16:14:20 EDT" finished-at="2021-05-02T16:15:29 EDT">
    <groups>
    </groups>
    <test name="Default test" duration-ms="69933" started-at="2021-05-02T16:14:20 EDT" finished-at="2021-05-02T16:15:29 EDT">
      <class name="E2E.CrossBrowser.BrowserTest">
        <test-method status="PASS" signature="setup()[pri:0, instance:E2E.CrossBrowser.BrowserTest@74650e52]" name="setup" duration-ms="69879" started-at="2021-05-02T16:14:20 EDT" finished-at="2021-05-02T16:15:29 EDT">
          <reporter-output>
          </reporter-output>
        </test-method> <!-- setup -->
      </class> <!-- E2E.CrossBrowser.BrowserTest -->
    </test> <!-- Default test -->
  </suite> <!-- Default suite -->
</testng-results>
